<?xml version="1.0" encoding="UTF-8"?>
<coverage generated="1693576308013" clover="3.2.0">
  <project timestamp="1693576308013" name="All files">
    <metrics statements="61" coveredstatements="61" conditionals="20" coveredconditionals="15" methods="22" coveredmethods="22" elements="103" coveredelements="98" complexity="0" loc="61" ncloc="61" packages="5" files="8" classes="8"/>
    <package name="pages">
      <metrics statements="4" coveredstatements="4" conditionals="0" coveredconditionals="0" methods="1" coveredmethods="1"/>
      <file name="SimpleCalculator.jsx" path="C:\Software Development\GitHub\simple-calculator\src\pages\SimpleCalculator.jsx">
        <metrics statements="4" coveredstatements="4" conditionals="0" coveredconditionals="0" methods="1" coveredmethods="1"/>
        <line num="8" count="1" type="stmt"/>
        <line num="10" count="2" type="stmt"/>
        <line num="12" count="1" type="stmt"/>
        <line num="14" count="1" type="stmt"/>
      </file>
    </package>
    <package name="pages.components">
      <metrics statements="29" coveredstatements="29" conditionals="12" coveredconditionals="9" methods="12" coveredmethods="12"/>
      <file name="ButtonsContainer.jsx" path="C:\Software Development\GitHub\simple-calculator\src\pages\components\ButtonsContainer.jsx">
        <metrics statements="4" coveredstatements="4" conditionals="0" coveredconditionals="0" methods="3" coveredmethods="3"/>
        <line num="6" count="2" type="stmt"/>
        <line num="7" count="4" type="stmt"/>
        <line num="10" count="20" type="stmt"/>
        <line num="12" count="80" type="stmt"/>
      </file>
      <file name="CalculatorButton.jsx" path="C:\Software Development\GitHub\simple-calculator\src\pages\components\CalculatorButton.jsx">
        <metrics statements="5" coveredstatements="5" conditionals="4" coveredconditionals="4" methods="3" coveredmethods="3"/>
        <line num="5" count="3" type="stmt"/>
        <line num="6" count="81" type="stmt"/>
        <line num="7" count="81" type="stmt"/>
        <line num="24" count="81" type="stmt"/>
        <line num="27" count="2" type="stmt"/>
      </file>
      <file name="DisplayScreen.jsx" path="C:\Software Development\GitHub\simple-calculator\src\pages\components\DisplayScreen.jsx">
        <metrics statements="16" coveredstatements="16" conditionals="8" coveredconditionals="5" methods="4" coveredmethods="4"/>
        <line num="4" count="2" type="stmt"/>
        <line num="5" count="5" type="stmt"/>
        <line num="6" count="5" type="stmt"/>
        <line num="8" count="5" type="stmt"/>
        <line num="9" count="5" type="cond" truecount="1" falsecount="1"/>
        <line num="10" count="5" type="stmt"/>
        <line num="13" count="5" type="stmt"/>
        <line num="14" count="2" type="cond" truecount="1" falsecount="1"/>
        <line num="15" count="2" type="cond" truecount="2" falsecount="0"/>
        <line num="16" count="1" type="stmt"/>
        <line num="17" count="1" type="cond" truecount="1" falsecount="1"/>
        <line num="18" count="1" type="stmt"/>
        <line num="23" count="5" type="stmt"/>
        <line num="25" count="5" type="stmt"/>
        <line num="26" count="5" type="stmt"/>
        <line num="30" count="5" type="stmt"/>
      </file>
      <file name="Notification.jsx" path="C:\Software Development\GitHub\simple-calculator\src\pages\components\Notification.jsx">
        <metrics statements="4" coveredstatements="4" conditionals="0" coveredconditionals="0" methods="2" coveredmethods="2"/>
        <line num="4" count="2" type="stmt"/>
        <line num="5" count="5" type="stmt"/>
        <line num="6" count="2" type="stmt"/>
        <line num="9" count="5" type="stmt"/>
      </file>
    </package>
    <package name="pages.hooks">
      <metrics statements="25" coveredstatements="25" conditionals="8" coveredconditionals="6" methods="9" coveredmethods="9"/>
      <file name="useCalculator.js" path="C:\Software Development\GitHub\simple-calculator\src\pages\hooks\useCalculator.js">
        <metrics statements="25" coveredstatements="25" conditionals="8" coveredconditionals="6" methods="9" coveredmethods="9"/>
        <line num="4" count="2" type="stmt"/>
        <line num="5" count="29" type="stmt"/>
        <line num="6" count="28" type="stmt"/>
        <line num="8" count="28" type="stmt"/>
        <line num="9" count="2" type="stmt"/>
        <line num="10" count="2" type="stmt"/>
        <line num="11" count="1" type="cond" truecount="1" falsecount="1"/>
        <line num="14" count="1" type="stmt"/>
        <line num="16" count="1" type="stmt"/>
        <line num="20" count="28" type="stmt"/>
        <line num="21" count="1" type="stmt"/>
        <line num="24" count="28" type="stmt"/>
        <line num="25" count="1" type="cond" truecount="1" falsecount="1"/>
        <line num="28" count="28" type="stmt"/>
        <line num="29" count="1" type="stmt"/>
        <line num="32" count="28" type="stmt"/>
        <line num="33" count="1" type="stmt"/>
        <line num="36" count="28" type="stmt"/>
        <line num="37" count="13" type="cond" truecount="2" falsecount="0"/>
        <line num="42" count="28" type="stmt"/>
        <line num="43" count="19" type="stmt"/>
        <line num="49" count="13" type="stmt"/>
        <line num="53" count="19" type="cond" truecount="2" falsecount="0"/>
        <line num="54" count="19" type="stmt"/>
        <line num="57" count="28" type="stmt"/>
      </file>
    </package>
    <package name="pages.utils">
      <metrics statements="1" coveredstatements="1" conditionals="0" coveredconditionals="0" methods="0" coveredmethods="0"/>
      <file name="buttonsData.js" path="C:\Software Development\GitHub\simple-calculator\src\pages\utils\buttonsData.js">
        <metrics statements="1" coveredstatements="1" conditionals="0" coveredconditionals="0" methods="0" coveredmethods="0"/>
        <line num="1" count="2" type="stmt"/>
      </file>
    </package>
    <package name="styles">
      <metrics statements="2" coveredstatements="2" conditionals="0" coveredconditionals="0" methods="0" coveredmethods="0"/>
      <file name="theme.js" path="C:\Software Development\GitHub\simple-calculator\src\styles\theme.js">
        <metrics statements="2" coveredstatements="2" conditionals="0" coveredconditionals="0" methods="0" coveredmethods="0"/>
        <line num="3" count="1" type="stmt"/>
        <line num="22" count="1" type="stmt"/>
      </file>
    </package>
  </project>
</coverage>
