{"C:\\Software Development\\GitHub\\simple-calculator\\src\\pages\\SimpleCalculator.jsx": {"path":"C:\\Software Development\\GitHub\\simple-calculator\\src\\pages\\SimpleCalculator.jsx","statementMap":{"0":{"start":{"line":8,"column":25},"end":{"line":47,"column":1}},"1":{"start":{"line":10,"column":4},"end":{"line":10,"column":19}},"2":{"start":{"line":12,"column":16},"end":{"line":12,"column":26}},"3":{"start":{"line":14,"column":2},"end":{"line":46,"column":3}}},"fnMap":{"0":{"name":"(anonymous_0)","decl":{"start":{"line":8,"column":25},"end":{"line":8,"column":26}},"loc":{"start":{"line":8,"column":31},"end":{"line":47,"column":1}},"line":8}},"branchMap":{},"s":{"0":1,"1":3,"2":2,"3":2},"f":{"0":3},"b":{},"_coverageSchema":"1a1c01bbd47fc00a2c39e90264f33305004495a9","hash":"784a94402bea28ef7ad23d54bd2f9ffe3de291a0"}
,"C:\\Software Development\\GitHub\\simple-calculator\\src\\pages\\components\\ButtonsContainer.jsx": {"path":"C:\\Software Development\\GitHub\\simple-calculator\\src\\pages\\components\\ButtonsContainer.jsx","statementMap":{"0":{"start":{"line":6,"column":25},"end":{"line":29,"column":1}},"1":{"start":{"line":7,"column":2},"end":{"line":28,"column":3}},"2":{"start":{"line":10,"column":8},"end":{"line":25,"column":15}},"3":{"start":{"line":12,"column":12},"end":{"line":23,"column":19}}},"fnMap":{"0":{"name":"(anonymous_0)","decl":{"start":{"line":6,"column":25},"end":{"line":6,"column":26}},"loc":{"start":{"line":6,"column":54},"end":{"line":29,"column":1}},"line":6},"1":{"name":"(anonymous_1)","decl":{"start":{"line":9,"column":24},"end":{"line":9,"column":25}},"loc":{"start":{"line":10,"column":8},"end":{"line":25,"column":15}},"line":10},"2":{"name":"(anonymous_2)","decl":{"start":{"line":11,"column":19},"end":{"line":11,"column":20}},"loc":{"start":{"line":12,"column":12},"end":{"line":23,"column":19}},"line":12}},"branchMap":{},"s":{"0":2,"1":4,"2":20,"3":80},"f":{"0":4,"1":20,"2":80},"b":{},"_coverageSchema":"1a1c01bbd47fc00a2c39e90264f33305004495a9","hash":"0d5888d5a008671dcd590984e218007762dfa8dc"}
,"C:\\Software Development\\GitHub\\simple-calculator\\src\\pages\\components\\CalculatorButton.jsx": {"path":"C:\\Software Development\\GitHub\\simple-calculator\\src\\pages\\components\\CalculatorButton.jsx","statementMap":{"0":{"start":{"line":5,"column":25},"end":{"line":34,"column":1}},"1":{"start":{"line":6,"column":16},"end":{"line":6,"column":26}},"2":{"start":{"line":7,"column":22},"end":{"line":22,"column":5}},"3":{"start":{"line":7,"column":44},"end":{"line":22,"column":3}},"4":{"start":{"line":24,"column":2},"end":{"line":33,"column":3}},"5":{"start":{"line":27,"column":21},"end":{"line":27,"column":52}}},"fnMap":{"0":{"name":"(anonymous_0)","decl":{"start":{"line":5,"column":25},"end":{"line":5,"column":26}},"loc":{"start":{"line":5,"column":78},"end":{"line":34,"column":1}},"line":5},"1":{"name":"(anonymous_1)","decl":{"start":{"line":7,"column":37},"end":{"line":7,"column":38}},"loc":{"start":{"line":7,"column":44},"end":{"line":22,"column":3}},"line":7},"2":{"name":"(anonymous_2)","decl":{"start":{"line":27,"column":15},"end":{"line":27,"column":16}},"loc":{"start":{"line":27,"column":21},"end":{"line":27,"column":52}},"line":27}},"branchMap":{"0":{"loc":{"start":{"line":10,"column":6},"end":{"line":12,"column":38}},"type":"cond-expr","locations":[{"start":{"line":11,"column":10},"end":{"line":11,"column":33}},{"start":{"line":12,"column":10},"end":{"line":12,"column":38}}],"line":10},"1":{"loc":{"start":{"line":15,"column":8},"end":{"line":17,"column":45}},"type":"cond-expr","locations":[{"start":{"line":16,"column":12},"end":{"line":16,"column":40}},{"start":{"line":17,"column":12},"end":{"line":17,"column":45}}],"line":15}},"s":{"0":3,"1":82,"2":82,"3":82,"4":82,"5":2},"f":{"0":82,"1":82,"2":2},"b":{"0":[50,32],"1":[50,32]},"_coverageSchema":"1a1c01bbd47fc00a2c39e90264f33305004495a9","hash":"468162a8864309420523e6db371af2c3345454b1"}
,"C:\\Software Development\\GitHub\\simple-calculator\\src\\pages\\components\\DisplayScreen.jsx": {"path":"C:\\Software Development\\GitHub\\simple-calculator\\src\\pages\\components\\DisplayScreen.jsx","statementMap":{"0":{"start":{"line":4,"column":22},"end":{"line":68,"column":1}},"1":{"start":{"line":5,"column":16},"end":{"line":5,"column":26}},"2":{"start":{"line":6,"column":23},"end":{"line":6,"column":35}},"3":{"start":{"line":8,"column":2},"end":{"line":28,"column":13}},"4":{"start":{"line":9,"column":4},"end":{"line":12,"column":5}},"5":{"start":{"line":10,"column":6},"end":{"line":11,"column":75}},"6":{"start":{"line":13,"column":26},"end":{"line":21,"column":5}},"7":{"start":{"line":14,"column":6},"end":{"line":20,"column":7}},"8":{"start":{"line":15,"column":8},"end":{"line":19,"column":9}},"9":{"start":{"line":16,"column":10},"end":{"line":16,"column":47}},"10":{"start":{"line":17,"column":15},"end":{"line":19,"column":9}},"11":{"start":{"line":18,"column":10},"end":{"line":18,"column":47}},"12":{"start":{"line":23,"column":4},"end":{"line":23,"column":53}},"13":{"start":{"line":25,"column":4},"end":{"line":27,"column":5}},"14":{"start":{"line":26,"column":6},"end":{"line":26,"column":58}},"15":{"start":{"line":30,"column":2},"end":{"line":67,"column":3}}},"fnMap":{"0":{"name":"(anonymous_0)","decl":{"start":{"line":4,"column":22},"end":{"line":4,"column":23}},"loc":{"start":{"line":4,"column":37},"end":{"line":68,"column":1}},"line":4},"1":{"name":"(anonymous_1)","decl":{"start":{"line":8,"column":12},"end":{"line":8,"column":13}},"loc":{"start":{"line":8,"column":18},"end":{"line":28,"column":3}},"line":8},"2":{"name":"(anonymous_2)","decl":{"start":{"line":13,"column":26},"end":{"line":13,"column":27}},"loc":{"start":{"line":13,"column":37},"end":{"line":21,"column":5}},"line":13},"3":{"name":"(anonymous_3)","decl":{"start":{"line":25,"column":11},"end":{"line":25,"column":12}},"loc":{"start":{"line":25,"column":17},"end":{"line":27,"column":5}},"line":25}},"branchMap":{"0":{"loc":{"start":{"line":9,"column":4},"end":{"line":12,"column":5}},"type":"if","locations":[{"start":{"line":9,"column":4},"end":{"line":12,"column":5}},{"start":{},"end":{}}],"line":9},"1":{"loc":{"start":{"line":14,"column":6},"end":{"line":20,"column":7}},"type":"if","locations":[{"start":{"line":14,"column":6},"end":{"line":20,"column":7}},{"start":{},"end":{}}],"line":14},"2":{"loc":{"start":{"line":15,"column":8},"end":{"line":19,"column":9}},"type":"if","locations":[{"start":{"line":15,"column":8},"end":{"line":19,"column":9}},{"start":{"line":17,"column":15},"end":{"line":19,"column":9}}],"line":15},"3":{"loc":{"start":{"line":17,"column":15},"end":{"line":19,"column":9}},"type":"if","locations":[{"start":{"line":17,"column":15},"end":{"line":19,"column":9}},{"start":{},"end":{}}],"line":17}},"s":{"0":2,"1":5,"2":5,"3":5,"4":5,"5":5,"6":5,"7":2,"8":2,"9":1,"10":1,"11":1,"12":5,"13":5,"14":5,"15":5},"f":{"0":5,"1":5,"2":2,"3":5},"b":{"0":[5,0],"1":[2,0],"2":[1,1],"3":[1,0]},"_coverageSchema":"1a1c01bbd47fc00a2c39e90264f33305004495a9","hash":"55e31733f7c3e5bcd9a60da877f70392c5aa469e"}
,"C:\\Software Development\\GitHub\\simple-calculator\\src\\pages\\components\\Notification.jsx": {"path":"C:\\Software Development\\GitHub\\simple-calculator\\src\\pages\\components\\Notification.jsx","statementMap":{"0":{"start":{"line":4,"column":21},"end":{"line":28,"column":1}},"1":{"start":{"line":5,"column":27},"end":{"line":7,"column":3}},"2":{"start":{"line":6,"column":4},"end":{"line":6,"column":23}},"3":{"start":{"line":9,"column":2},"end":{"line":27,"column":3}}},"fnMap":{"0":{"name":"(anonymous_0)","decl":{"start":{"line":4,"column":21},"end":{"line":4,"column":22}},"loc":{"start":{"line":4,"column":54},"end":{"line":28,"column":1}},"line":4},"1":{"name":"(anonymous_1)","decl":{"start":{"line":5,"column":27},"end":{"line":5,"column":28}},"loc":{"start":{"line":5,"column":33},"end":{"line":7,"column":3}},"line":5}},"branchMap":{},"s":{"0":2,"1":6,"2":2,"3":6},"f":{"0":6,"1":2},"b":{},"_coverageSchema":"1a1c01bbd47fc00a2c39e90264f33305004495a9","hash":"3d138ee0e7dfc4e1d55b7dba649575710e7c2faa"}
,"C:\\Software Development\\GitHub\\simple-calculator\\src\\pages\\hooks\\useCalculator.js": {"path":"C:\\Software Development\\GitHub\\simple-calculator\\src\\pages\\hooks\\useCalculator.js","statementMap":{"0":{"start":{"line":4,"column":22},"end":{"line":63,"column":1}},"1":{"start":{"line":5,"column":36},"end":{"line":5,"column":51}},"2":{"start":{"line":6,"column":36},"end":{"line":6,"column":49}},"3":{"start":{"line":8,"column":23},"end":{"line":18,"column":3}},"4":{"start":{"line":9,"column":4},"end":{"line":17,"column":5}},"5":{"start":{"line":10,"column":21},"end":{"line":10,"column":40}},"6":{"start":{"line":11,"column":30},"end":{"line":13,"column":27}},"7":{"start":{"line":14,"column":6},"end":{"line":14,"column":35}},"8":{"start":{"line":16,"column":6},"end":{"line":16,"column":24}},"9":{"start":{"line":20,"column":22},"end":{"line":22,"column":3}},"10":{"start":{"line":21,"column":4},"end":{"line":21,"column":21}},"11":{"start":{"line":24,"column":26},"end":{"line":26,"column":3}},"12":{"start":{"line":25,"column":4},"end":{"line":25,"column":69}},"13":{"start":{"line":28,"column":27},"end":{"line":30,"column":3}},"14":{"start":{"line":29,"column":4},"end":{"line":29,"column":46}},"15":{"start":{"line":32,"column":23},"end":{"line":34,"column":3}},"16":{"start":{"line":33,"column":4},"end":{"line":33,"column":45}},"17":{"start":{"line":36,"column":24},"end":{"line":40,"column":3}},"18":{"start":{"line":37,"column":4},"end":{"line":39,"column":51}},"19":{"start":{"line":42,"column":30},"end":{"line":55,"column":3}},"20":{"start":{"line":43,"column":26},"end":{"line":50,"column":5}},"21":{"start":{"line":49,"column":21},"end":{"line":49,"column":52}},"22":{"start":{"line":53,"column":6},"end":{"line":53,"column":62}},"23":{"start":{"line":54,"column":4},"end":{"line":54,"column":20}},"24":{"start":{"line":57,"column":2},"end":{"line":62,"column":3}}},"fnMap":{"0":{"name":"(anonymous_0)","decl":{"start":{"line":4,"column":22},"end":{"line":4,"column":23}},"loc":{"start":{"line":4,"column":28},"end":{"line":63,"column":1}},"line":4},"1":{"name":"(anonymous_1)","decl":{"start":{"line":8,"column":23},"end":{"line":8,"column":24}},"loc":{"start":{"line":8,"column":29},"end":{"line":18,"column":3}},"line":8},"2":{"name":"(anonymous_2)","decl":{"start":{"line":20,"column":22},"end":{"line":20,"column":23}},"loc":{"start":{"line":20,"column":28},"end":{"line":22,"column":3}},"line":20},"3":{"name":"(anonymous_3)","decl":{"start":{"line":24,"column":26},"end":{"line":24,"column":27}},"loc":{"start":{"line":24,"column":32},"end":{"line":26,"column":3}},"line":24},"4":{"name":"(anonymous_4)","decl":{"start":{"line":28,"column":27},"end":{"line":28,"column":28}},"loc":{"start":{"line":28,"column":33},"end":{"line":30,"column":3}},"line":28},"5":{"name":"(anonymous_5)","decl":{"start":{"line":32,"column":23},"end":{"line":32,"column":24}},"loc":{"start":{"line":32,"column":29},"end":{"line":34,"column":3}},"line":32},"6":{"name":"(anonymous_6)","decl":{"start":{"line":36,"column":24},"end":{"line":36,"column":25}},"loc":{"start":{"line":36,"column":41},"end":{"line":40,"column":3}},"line":36},"7":{"name":"(anonymous_7)","decl":{"start":{"line":42,"column":30},"end":{"line":42,"column":31}},"loc":{"start":{"line":42,"column":46},"end":{"line":55,"column":3}},"line":42},"8":{"name":"(anonymous_8)","decl":{"start":{"line":49,"column":15},"end":{"line":49,"column":16}},"loc":{"start":{"line":49,"column":21},"end":{"line":49,"column":52}},"line":49}},"branchMap":{"0":{"loc":{"start":{"line":11,"column":30},"end":{"line":13,"column":27}},"type":"cond-expr","locations":[{"start":{"line":12,"column":10},"end":{"line":12,"column":27}},{"start":{"line":13,"column":10},"end":{"line":13,"column":27}}],"line":11},"1":{"loc":{"start":{"line":25,"column":17},"end":{"line":25,"column":68}},"type":"cond-expr","locations":[{"start":{"line":25,"column":40},"end":{"line":25,"column":62}},{"start":{"line":25,"column":65},"end":{"line":25,"column":68}}],"line":25},"2":{"loc":{"start":{"line":37,"column":4},"end":{"line":39,"column":51}},"type":"cond-expr","locations":[{"start":{"line":38,"column":8},"end":{"line":38,"column":44}},{"start":{"line":39,"column":8},"end":{"line":39,"column":51}}],"line":37},"3":{"loc":{"start":{"line":53,"column":6},"end":{"line":53,"column":62}},"type":"binary-expr","locations":[{"start":{"line":53,"column":6},"end":{"line":53,"column":37}},{"start":{"line":53,"column":41},"end":{"line":53,"column":62}}],"line":53}},"s":{"0":2,"1":30,"2":29,"3":29,"4":2,"5":2,"6":1,"7":1,"8":1,"9":29,"10":1,"11":29,"12":1,"13":29,"14":1,"15":29,"16":1,"17":29,"18":13,"19":29,"20":19,"21":13,"22":19,"23":19,"24":29},"f":{"0":30,"1":2,"2":1,"3":1,"4":1,"5":1,"6":13,"7":19,"8":13},"b":{"0":[1,0],"1":[1,0],"2":[7,6],"3":[19,13]},"_coverageSchema":"1a1c01bbd47fc00a2c39e90264f33305004495a9","hash":"55258a4c2b9478f6b5fb9a67d5473db1d163da63"}
,"C:\\Software Development\\GitHub\\simple-calculator\\src\\pages\\utils\\buttonsData.js": {"path":"C:\\Software Development\\GitHub\\simple-calculator\\src\\pages\\utils\\buttonsData.js","statementMap":{"0":{"start":{"line":1,"column":28},"end":{"line":32,"column":1}}},"fnMap":{},"branchMap":{},"s":{"0":2},"f":{},"b":{},"_coverageSchema":"1a1c01bbd47fc00a2c39e90264f33305004495a9","hash":"b93f7db0ebe908afc427669593a1f976db67dddd"}
,"C:\\Software Development\\GitHub\\simple-calculator\\src\\styles\\theme.js": {"path":"C:\\Software Development\\GitHub\\simple-calculator\\src\\styles\\theme.js","statementMap":{"0":{"start":{"line":3,"column":14},"end":{"line":20,"column":2}},"1":{"start":{"line":22,"column":0},"end":{"line":30,"column":1}}},"fnMap":{},"branchMap":{},"s":{"0":1,"1":1},"f":{},"b":{},"_coverageSchema":"1a1c01bbd47fc00a2c39e90264f33305004495a9","hash":"458611125e3eab520c74840a483b43eb8002245b"}
}
