{"C:\\Software Development\\GitHub\\simple-calculator\\src\\pages\\components\\ButtonsContainer.jsx": {"path":"C:\\Software Development\\GitHub\\simple-calculator\\src\\pages\\components\\ButtonsContainer.jsx","statementMap":{"0":{"start":{"line":6,"column":25},"end":{"line":29,"column":1}},"1":{"start":{"line":7,"column":2},"end":{"line":28,"column":3}},"2":{"start":{"line":10,"column":8},"end":{"line":25,"column":15}},"3":{"start":{"line":12,"column":12},"end":{"line":23,"column":19}}},"fnMap":{"0":{"name":"(anonymous_0)","decl":{"start":{"line":6,"column":25},"end":{"line":6,"column":26}},"loc":{"start":{"line":6,"column":54},"end":{"line":29,"column":1}},"line":6},"1":{"name":"(anonymous_1)","decl":{"start":{"line":9,"column":24},"end":{"line":9,"column":25}},"loc":{"start":{"line":10,"column":8},"end":{"line":25,"column":15}},"line":10},"2":{"name":"(anonymous_2)","decl":{"start":{"line":11,"column":19},"end":{"line":11,"column":20}},"loc":{"start":{"line":12,"column":12},"end":{"line":23,"column":19}},"line":12}},"branchMap":{},"s":{"0":1,"1":2,"2":10,"3":40},"f":{"0":2,"1":10,"2":40},"b":{},"_coverageSchema":"1a1c01bbd47fc00a2c39e90264f33305004495a9","hash":"0d5888d5a008671dcd590984e218007762dfa8dc"}
,"C:\\Software Development\\GitHub\\simple-calculator\\src\\pages\\components\\CalculatorButton.jsx": {"path":"C:\\Software Development\\GitHub\\simple-calculator\\src\\pages\\components\\CalculatorButton.jsx","statementMap":{"0":{"start":{"line":5,"column":25},"end":{"line":34,"column":1}},"1":{"start":{"line":6,"column":16},"end":{"line":6,"column":26}},"2":{"start":{"line":7,"column":22},"end":{"line":22,"column":5}},"3":{"start":{"line":7,"column":44},"end":{"line":22,"column":3}},"4":{"start":{"line":24,"column":2},"end":{"line":33,"column":3}},"5":{"start":{"line":27,"column":21},"end":{"line":27,"column":52}}},"fnMap":{"0":{"name":"(anonymous_0)","decl":{"start":{"line":5,"column":25},"end":{"line":5,"column":26}},"loc":{"start":{"line":5,"column":78},"end":{"line":34,"column":1}},"line":5},"1":{"name":"(anonymous_1)","decl":{"start":{"line":7,"column":37},"end":{"line":7,"column":38}},"loc":{"start":{"line":7,"column":44},"end":{"line":22,"column":3}},"line":7},"2":{"name":"(anonymous_2)","decl":{"start":{"line":27,"column":15},"end":{"line":27,"column":16}},"loc":{"start":{"line":27,"column":21},"end":{"line":27,"column":52}},"line":27}},"branchMap":{"0":{"loc":{"start":{"line":10,"column":6},"end":{"line":12,"column":38}},"type":"cond-expr","locations":[{"start":{"line":11,"column":10},"end":{"line":11,"column":33}},{"start":{"line":12,"column":10},"end":{"line":12,"column":38}}],"line":10},"1":{"loc":{"start":{"line":15,"column":8},"end":{"line":17,"column":45}},"type":"cond-expr","locations":[{"start":{"line":16,"column":12},"end":{"line":16,"column":40}},{"start":{"line":17,"column":12},"end":{"line":17,"column":45}}],"line":15}},"s":{"0":2,"1":42,"2":42,"3":42,"4":42,"5":2},"f":{"0":42,"1":42,"2":2},"b":{"0":[26,16],"1":[26,16]},"_coverageSchema":"1a1c01bbd47fc00a2c39e90264f33305004495a9","hash":"468162a8864309420523e6db371af2c3345454b1"}
,"C:\\Software Development\\GitHub\\simple-calculator\\src\\pages\\components\\DisplayScreen.jsx": {"path":"C:\\Software Development\\GitHub\\simple-calculator\\src\\pages\\components\\DisplayScreen.jsx","statementMap":{"0":{"start":{"line":4,"column":22},"end":{"line":72,"column":1}},"1":{"start":{"line":5,"column":16},"end":{"line":5,"column":26}},"2":{"start":{"line":6,"column":42},"end":{"line":6,"column":56}},"3":{"start":{"line":8,"column":2},"end":{"line":33,"column":27}},"4":{"start":{"line":9,"column":4},"end":{"line":12,"column":5}},"5":{"start":{"line":10,"column":6},"end":{"line":11,"column":59}},"6":{"start":{"line":14,"column":26},"end":{"line":26,"column":5}},"7":{"start":{"line":15,"column":6},"end":{"line":25,"column":7}},"8":{"start":{"line":16,"column":8},"end":{"line":24,"column":9}},"9":{"start":{"line":17,"column":10},"end":{"line":19,"column":12}},"10":{"start":{"line":20,"column":15},"end":{"line":24,"column":9}},"11":{"start":{"line":21,"column":10},"end":{"line":23,"column":12}},"12":{"start":{"line":28,"column":4},"end":{"line":28,"column":53}},"13":{"start":{"line":30,"column":4},"end":{"line":32,"column":5}},"14":{"start":{"line":31,"column":6},"end":{"line":31,"column":58}},"15":{"start":{"line":35,"column":2},"end":{"line":71,"column":3}}},"fnMap":{"0":{"name":"(anonymous_0)","decl":{"start":{"line":4,"column":22},"end":{"line":4,"column":23}},"loc":{"start":{"line":4,"column":37},"end":{"line":72,"column":1}},"line":4},"1":{"name":"(anonymous_1)","decl":{"start":{"line":8,"column":12},"end":{"line":8,"column":13}},"loc":{"start":{"line":8,"column":18},"end":{"line":33,"column":3}},"line":8},"2":{"name":"(anonymous_2)","decl":{"start":{"line":14,"column":26},"end":{"line":14,"column":27}},"loc":{"start":{"line":14,"column":37},"end":{"line":26,"column":5}},"line":14},"3":{"name":"(anonymous_3)","decl":{"start":{"line":30,"column":11},"end":{"line":30,"column":12}},"loc":{"start":{"line":30,"column":17},"end":{"line":32,"column":5}},"line":30}},"branchMap":{"0":{"loc":{"start":{"line":9,"column":4},"end":{"line":12,"column":5}},"type":"if","locations":[{"start":{"line":9,"column":4},"end":{"line":12,"column":5}},{"start":{},"end":{}}],"line":9},"1":{"loc":{"start":{"line":15,"column":6},"end":{"line":25,"column":7}},"type":"if","locations":[{"start":{"line":15,"column":6},"end":{"line":25,"column":7}},{"start":{},"end":{}}],"line":15},"2":{"loc":{"start":{"line":16,"column":8},"end":{"line":24,"column":9}},"type":"if","locations":[{"start":{"line":16,"column":8},"end":{"line":24,"column":9}},{"start":{"line":20,"column":15},"end":{"line":24,"column":9}}],"line":16},"3":{"loc":{"start":{"line":20,"column":15},"end":{"line":24,"column":9}},"type":"if","locations":[{"start":{"line":20,"column":15},"end":{"line":24,"column":9}},{"start":{},"end":{}}],"line":20}},"s":{"0":1,"1":2,"2":2,"3":2,"4":2,"5":1,"6":2,"7":0,"8":0,"9":0,"10":0,"11":0,"12":2,"13":2,"14":2,"15":2},"f":{"0":2,"1":2,"2":0,"3":2},"b":{"0":[1,1],"1":[0,0],"2":[0,0],"3":[0,0]},"_coverageSchema":"1a1c01bbd47fc00a2c39e90264f33305004495a9","hash":"9b1eb676821ad5e83dd76d7e54dbb32758572eeb"}
,"C:\\Software Development\\GitHub\\simple-calculator\\src\\pages\\components\\Notification.jsx": {"path":"C:\\Software Development\\GitHub\\simple-calculator\\src\\pages\\components\\Notification.jsx","statementMap":{"0":{"start":{"line":4,"column":21},"end":{"line":28,"column":1}},"1":{"start":{"line":5,"column":27},"end":{"line":7,"column":3}},"2":{"start":{"line":6,"column":4},"end":{"line":6,"column":23}},"3":{"start":{"line":9,"column":2},"end":{"line":27,"column":3}}},"fnMap":{"0":{"name":"(anonymous_0)","decl":{"start":{"line":4,"column":21},"end":{"line":4,"column":22}},"loc":{"start":{"line":4,"column":54},"end":{"line":28,"column":1}},"line":4},"1":{"name":"(anonymous_1)","decl":{"start":{"line":5,"column":27},"end":{"line":5,"column":28}},"loc":{"start":{"line":5,"column":33},"end":{"line":7,"column":3}},"line":5}},"branchMap":{},"s":{"0":1,"1":4,"2":2,"3":4},"f":{"0":4,"1":2},"b":{},"_coverageSchema":"1a1c01bbd47fc00a2c39e90264f33305004495a9","hash":"3d138ee0e7dfc4e1d55b7dba649575710e7c2faa"}
,"C:\\Software Development\\GitHub\\simple-calculator\\src\\pages\\utils\\buttonsData.js": {"path":"C:\\Software Development\\GitHub\\simple-calculator\\src\\pages\\utils\\buttonsData.js","statementMap":{"0":{"start":{"line":1,"column":28},"end":{"line":32,"column":1}}},"fnMap":{},"branchMap":{},"s":{"0":1},"f":{},"b":{},"_coverageSchema":"1a1c01bbd47fc00a2c39e90264f33305004495a9","hash":"b93f7db0ebe908afc427669593a1f976db67dddd"}
}
