TN:
SF:src\pages\components\ButtonsContainer.jsx
FN:6,(anonymous_0)
FN:9,(anonymous_1)
FN:11,(anonymous_2)
FNF:3
FNH:3
FNDA:2,(anonymous_0)
FNDA:10,(anonymous_1)
FNDA:40,(anonymous_2)
DA:6,1
DA:7,2
DA:10,10
DA:12,40
LF:4
LH:4
BRF:0
BRH:0
end_of_record
TN:
SF:src\pages\components\CalculatorButton.jsx
FN:5,(anonymous_0)
FN:7,(anonymous_1)
FN:27,(anonymous_2)
FNF:3
FNH:3
FNDA:42,(anonymous_0)
FNDA:42,(anonymous_1)
FNDA:2,(anonymous_2)
DA:5,2
DA:6,42
DA:7,42
DA:24,42
DA:27,2
LF:5
LH:5
BRDA:10,0,0,26
BRDA:10,0,1,16
BRDA:15,1,0,26
BRDA:15,1,1,16
BRF:4
BRH:4
end_of_record
TN:
SF:src\pages\components\DisplayScreen.jsx
FN:4,(anonymous_0)
FN:8,(anonymous_1)
FN:14,(anonymous_2)
FN:30,(anonymous_3)
FNF:4
FNH:3
FNDA:2,(anonymous_0)
FNDA:2,(anonymous_1)
FNDA:0,(anonymous_2)
FNDA:2,(anonymous_3)
DA:4,1
DA:5,2
DA:6,2
DA:8,2
DA:9,2
DA:10,1
DA:14,2
DA:15,0
DA:16,0
DA:17,0
DA:20,0
DA:21,0
DA:28,2
DA:30,2
DA:31,2
DA:35,2
LF:16
LH:11
BRDA:9,0,0,1
BRDA:9,0,1,1
BRDA:15,1,0,0
BRDA:15,1,1,0
BRDA:16,2,0,0
BRDA:16,2,1,0
BRDA:20,3,0,0
BRDA:20,3,1,0
BRF:8
BRH:2
end_of_record
TN:
SF:src\pages\components\Notification.jsx
FN:4,(anonymous_0)
FN:5,(anonymous_1)
FNF:2
FNH:2
FNDA:4,(anonymous_0)
FNDA:2,(anonymous_1)
DA:4,1
DA:5,4
DA:6,2
DA:9,4
LF:4
LH:4
BRF:0
BRH:0
end_of_record
TN:
SF:src\pages\utils\buttonsData.js
FNF:0
FNH:0
DA:1,1
LF:1
LH:1
BRF:0
BRH:0
end_of_record
