TN:
SF:src\pages\SimpleCalculator.jsx
FN:8,(anonymous_0)
FNF:1
FNH:1
FNDA:3,(anonymous_0)
DA:8,1
DA:10,3
DA:12,2
DA:14,2
LF:4
LH:4
BRF:0
BRH:0
end_of_record
TN:
SF:src\pages\components\ButtonsContainer.jsx
FN:6,(anonymous_0)
FN:9,(anonymous_1)
FN:11,(anonymous_2)
FNF:3
FNH:3
FNDA:4,(anonymous_0)
FNDA:20,(anonymous_1)
FNDA:80,(anonymous_2)
DA:6,2
DA:7,4
DA:10,20
DA:12,80
LF:4
LH:4
BRF:0
BRH:0
end_of_record
TN:
SF:src\pages\components\CalculatorButton.jsx
FN:5,(anonymous_0)
FN:7,(anonymous_1)
FN:27,(anonymous_2)
FNF:3
FNH:3
FNDA:82,(anonymous_0)
FNDA:82,(anonymous_1)
FNDA:2,(anonymous_2)
DA:5,3
DA:6,82
DA:7,82
DA:24,82
DA:27,2
LF:5
LH:5
BRDA:10,0,0,50
BRDA:10,0,1,32
BRDA:15,1,0,50
BRDA:15,1,1,32
BRF:4
BRH:4
end_of_record
TN:
SF:src\pages\components\DisplayScreen.jsx
FN:4,(anonymous_0)
FN:8,(anonymous_1)
FN:13,(anonymous_2)
FN:25,(anonymous_3)
FNF:4
FNH:4
FNDA:5,(anonymous_0)
FNDA:5,(anonymous_1)
FNDA:2,(anonymous_2)
FNDA:5,(anonymous_3)
DA:4,2
DA:5,5
DA:6,5
DA:8,5
DA:9,5
DA:10,5
DA:13,5
DA:14,2
DA:15,2
DA:16,1
DA:17,1
DA:18,1
DA:23,5
DA:25,5
DA:26,5
DA:30,5
LF:16
LH:16
BRDA:9,0,0,5
BRDA:9,0,1,0
BRDA:14,1,0,2
BRDA:14,1,1,0
BRDA:15,2,0,1
BRDA:15,2,1,1
BRDA:17,3,0,1
BRDA:17,3,1,0
BRF:8
BRH:5
end_of_record
TN:
SF:src\pages\components\Notification.jsx
FN:4,(anonymous_0)
FN:5,(anonymous_1)
FNF:2
FNH:2
FNDA:6,(anonymous_0)
FNDA:2,(anonymous_1)
DA:4,2
DA:5,6
DA:6,2
DA:9,6
LF:4
LH:4
BRF:0
BRH:0
end_of_record
TN:
SF:src\pages\hooks\useCalculator.js
FN:4,(anonymous_0)
FN:8,(anonymous_1)
FN:20,(anonymous_2)
FN:24,(anonymous_3)
FN:28,(anonymous_4)
FN:32,(anonymous_5)
FN:36,(anonymous_6)
FN:42,(anonymous_7)
FN:49,(anonymous_8)
FNF:9
FNH:9
FNDA:30,(anonymous_0)
FNDA:2,(anonymous_1)
FNDA:1,(anonymous_2)
FNDA:1,(anonymous_3)
FNDA:1,(anonymous_4)
FNDA:1,(anonymous_5)
FNDA:13,(anonymous_6)
FNDA:19,(anonymous_7)
FNDA:13,(anonymous_8)
DA:4,2
DA:5,30
DA:6,29
DA:8,29
DA:9,2
DA:10,2
DA:11,1
DA:14,1
DA:16,1
DA:20,29
DA:21,1
DA:24,29
DA:25,1
DA:28,29
DA:29,1
DA:32,29
DA:33,1
DA:36,29
DA:37,13
DA:42,29
DA:43,19
DA:49,13
DA:53,19
DA:54,19
DA:57,29
LF:25
LH:25
BRDA:11,0,0,1
BRDA:11,0,1,0
BRDA:25,1,0,1
BRDA:25,1,1,0
BRDA:37,2,0,7
BRDA:37,2,1,6
BRDA:53,3,0,19
BRDA:53,3,1,13
BRF:8
BRH:6
end_of_record
TN:
SF:src\pages\utils\buttonsData.js
FNF:0
FNH:0
DA:1,2
LF:1
LH:1
BRF:0
BRH:0
end_of_record
TN:
SF:src\styles\theme.js
FNF:0
FNH:0
DA:3,1
DA:22,1
LF:2
LH:2
BRF:0
BRH:0
end_of_record
